[14:34:42.779][info] [#0:/Users/jayreddy/.config/nvim/mason/packages/lua-language-server/libexec/main.lua:66]: Lua Lsp startup, root: 	/Users/jayreddy/.config/nvim/mason/packages/lua-language-server/libexec
[14:34:42.779][info] [#0:/Users/jayreddy/.config/nvim/mason/packages/lua-language-server/libexec/main.lua:67]: ROOT:	/Users/jayreddy/.config/nvim/mason/packages/lua-language-server/libexec
[14:34:42.779][info] [#0:/Users/jayreddy/.config/nvim/mason/packages/lua-language-server/libexec/main.lua:68]: LOGPATH:	/Users/jayreddy/.config/nvim/mason/packages/lua-language-server/libexec/log
[14:34:42.779][info] [#0:/Users/jayreddy/.config/nvim/mason/packages/lua-language-server/libexec/main.lua:69]: METAPATH:	/Users/jayreddy/.config/nvim/mason/packages/lua-language-server/libexec/meta
[14:34:42.779][info] [#0:/Users/jayreddy/.config/nvim/mason/packages/lua-language-server/libexec/main.lua:70]: VERSION:	3.6.18
[14:34:42.797][info] [#0:script/service/service.lua:144]: 
========= Medical Examination Report =========
    --------------- Memory ---------------
        Total: 2.112 MB
        # 00 : 2.112 MB
        # 01 : 0.000 MB
        # 02 : 0.000 MB
        # 03 : 0.000 MB
        # 04 : 0.000 MB
    --------------- Coroutine ---------------
        Total:     0
        Running:   0
        Suspended: 0
        Normal:    0
        Dead:      0
    --------------- Cache ---------------
        Total: 1
        Dead:  0
    ---------------  RPC  ---------------
        Holdon:   0
        Waiting:  0
==============================================
[14:34:42.800][info] [#0:script/client.lua:657]: Client init	{
  capabilities = {
    callHierarchy = {
      dynamicRegistration = false
    },
    textDocument = {
      codeAction = {
        codeActionLiteralSupport = {
          codeActionKind = {
            valueSet = { "", "Empty", "QuickFix", "Refactor", "RefactorExtract", "RefactorInline", "RefactorRewrite", "Source", "SourceOrganizeImports", "quickfix", "refactor", "refactor.extract", "refactor.inline", "refactor.rewrite", "source", "source.organizeImports" }
          }
        },
        dataSupport = true,
        dynamicRegistration = false,
        isPreferredSupport = true,
        resolveSupport = {
          properties = { "edit" }
        }
      },
      completion = {
        completionItem = {
          commitCharactersSupport = true,
          deprecatedSupport = true,
          documentationFormat = { "markdown", "plaintext" },
          insertReplaceSupport = true,
          insertTextModeSupport = {
            valueSet = { 1, 2 }
          },
          labelDetailsSupport = true,
          preselectSupport = true,
          resolveSupport = {
            properties = { "documentation", "detail", "additionalTextEdits" }
          },
          snippetSupport = true,
          tagSupport = {
            valueSet = { 1 }
          }
        },
        completionItemKind = {
          valueSet = { 1, 2, 3, 4, 5, 6, 7, 8, 9, 10, 11, 12, 13, 14, 15, 16, 17, 18, 19, 20, 21, 22, 23, 24, 25 }
        },
        completionList = {
          itemDefaults = { "commitCharacters", "editRange", "insertTextFormat", "insertTextMode", "data" }
        },
        contextSupport = true,
        dynamicRegistration = false,
        insertTextMode = 1
      },
      declaration = {
        linkSupport = true
      },
      definition = {
        linkSupport = true
      },
      documentHighlight = {
        dynamicRegistration = false
      },
      documentSymbol = {
        dynamicRegistration = false,
        hierarchicalDocumentSymbolSupport = true,
        symbolKind = {
          valueSet = { 1, 2, 3, 4, 5, 6, 7, 8, 9, 10, 11, 12, 13, 14, 15, 16, 17, 18, 19, 20, 21, 22, 23, 24, 25, 26 }
        }
      },
      hover = {
        contentFormat = { "markdown", "plaintext" },
        dynamicRegistration = false
      },
      implementation = {
        linkSupport = true
      },
      publishDiagnostics = {
        relatedInformation = true,
        tagSupport = {
          valueSet = { 1, 2 }
        }
      },
      references = {
        dynamicRegistration = false
      },
      rename = {
        dynamicRegistration = false,
        prepareSupport = true
      },
      signatureHelp = {
        dynamicRegistration = false,
        signatureInformation = {
          activeParameterSupport = true,
          documentationFormat = { "markdown", "plaintext" },
          parameterInformation = {
            labelOffsetSupport = true
          }
        }
      },
      synchronization = {
        didSave = true,
        dynamicRegistration = false,
        willSave = false,
        willSaveWaitUntil = false
      },
      typeDefinition = {
        linkSupport = true
      }
    },
    window = {
      showDocument = {
        support = false
      },
      showMessage = {
        messageActionItem = {
          additionalPropertiesSupport = false
        }
      },
      workDoneProgress = true
    },
    workspace = {
      applyEdit = true,
      configuration = true,
      symbol = {
        dynamicRegistration = false,
        hierarchicalWorkspaceSymbolSupport = true,
        symbolKind = {
          valueSet = { 1, 2, 3, 4, 5, 6, 7, 8, 9, 10, 11, 12, 13, 14, 15, 16, 17, 18, 19, 20, 21, 22, 23, 24, 25, 26 }
        }
      },
      workspaceEdit = {
        resourceOperations = { "rename", "create", "delete" }
      },
      workspaceFolders = true
    }
  },
  clientInfo = {
    name = "Neovim",
    version = "0.8.3"
  },
  initializationOptions = {},
  processId = 29584,
  rootPath = "/Users/jayreddy/.config/nvim/lua/",
  rootUri = "file:///Users/jayreddy/.config/nvim/lua/",
  trace = "off",
  workspaceFolders = { {
      name = "/Users/jayreddy/.config/nvim/lua/",
      uri = "file:///Users/jayreddy/.config/nvim/lua/"
    } }
}
[14:34:42.800][info] [#0:script/language.lua:137]: VSC language: nil
[14:34:42.800][info] [#0:script/language.lua:138]: LS  language: en-us
[14:34:42.800][info] [#0:script/workspace/workspace.lua:38]: Workspace init root: 	file:///Users/jayreddy/.config/nvim/lua/
[14:34:42.800][info] [#0:script/workspace/workspace.lua:42]: Log path: 	/Users/jayreddy/.config/nvim/mason/packages/lua-language-server/libexec/log/file_Users_jayreddy_.config_nvim_lua_.log
[14:34:42.801][info] [#0:script/workspace/workspace.lua:48]: Workspace create: 	file:///Users/jayreddy/.config/nvim/lua/
[14:34:42.907][info] [#0:script/provider/provider.lua:46]: Load config from client	file:///Users/jayreddy/.config/nvim/lua/
[14:34:42.907][info] [#0:script/provider/provider.lua:47]: {
  Lua = {
    telemetry = {
      enable = false
    }
  }
}
[14:34:42.907][info] [#0:script/provider/provider.lua:46]: Load config from client	file:///Users/jayreddy/.config/nvim/lua/
[14:34:42.907][info] [#0:script/provider/provider.lua:47]: {
  Lua = {
    telemetry = {
      enable = false
    }
  }
}
[14:34:42.907][info] [#0:script/provider/provider.lua:46]: Load config from client	file:///Users/jayreddy/.config/nvim/lua/
[14:34:42.907][info] [#0:script/provider/provider.lua:47]: {
  Lua = {
    telemetry = {
      enable = false
    }
  }
}
[14:34:42.907][info] [#0:script/provider/provider.lua:61]: Load config from client	fallback
[14:34:42.907][info] [#0:script/provider/provider.lua:62]: {
  Lua = {
    telemetry = {
      enable = false
    }
  }
}
[14:34:42.907][info] [#0:script/library.lua:212]: Init builtin library at:	file:///Users/jayreddy/.config/nvim/lua/
[14:34:42.918][info] [#0:script/plugin.lua:86]: plugin path:	/Users/jayreddy/.config/nvim/lua
[14:34:42.918][warn] [#0:script/plugin.lua:101]: plugin not found:	/Users/jayreddy/.config/nvim/lua
[14:34:42.918][info] [#0:script/library.lua:212]: Init builtin library at:	nil
[14:34:42.927][info] [#0:script/provider/provider.lua:61]: Load config from client	fallback
[14:34:42.927][info] [#0:script/provider/provider.lua:62]: {
  Lua = {
    telemetry = {
      enable = false
    }
  }
}
[14:34:42.927][info] [#0:script/provider/provider.lua:61]: Load config from client	fallback
[14:34:42.927][info] [#0:script/provider/provider.lua:62]: {
  Lua = {
    telemetry = {
      enable = false
    }
  }
}
[14:34:43.032][info] [#0:script/workspace/workspace.lua:322]: Preload start:	file:///Users/jayreddy/.config/nvim/lua/
[14:34:43.034][info] [#0:script/workspace/workspace.lua:328]: Scan files at:	file:///Users/jayreddy/.config/nvim/lua/
[14:34:43.036][info] [#0:script/workspace/workspace.lua:322]: Preload start:	<fallback>
[14:34:43.038][info] [#0:script/workspace/workspace.lua:351]: Scan library at:	file:///Users/jayreddy/.config/nvim/mason/packages/lua-language-server/libexec/meta/Lua%205.4%20en-us%20utf8/string.lua
[14:34:43.038][info] [#0:script/workspace/workspace.lua:351]: Scan library at:	file:///Users/jayreddy/.config/nvim/mason/packages/lua-language-server/libexec/meta/Lua%205.4%20en-us%20utf8/io.lua
[14:34:43.038][info] [#0:script/workspace/workspace.lua:351]: Scan library at:	file:///Users/jayreddy/.config/nvim/mason/packages/lua-language-server/libexec/meta/Lua%205.4%20en-us%20utf8/math.lua
[14:34:43.038][info] [#0:script/workspace/workspace.lua:351]: Scan library at:	file:///Users/jayreddy/.config/nvim/mason/packages/lua-language-server/libexec/meta/Lua%205.4%20en-us%20utf8/debug.lua
[14:34:43.038][info] [#0:script/workspace/workspace.lua:351]: Scan library at:	file:///Users/jayreddy/.config/nvim/mason/packages/lua-language-server/libexec/meta/Lua%205.4%20en-us%20utf8/string.lua
[14:34:43.038][info] [#0:script/workspace/workspace.lua:351]: Scan library at:	file:///Users/jayreddy/.config/nvim/mason/packages/lua-language-server/libexec/meta/Lua%205.4%20en-us%20utf8/basic.lua
[14:34:43.039][info] [#0:script/workspace/workspace.lua:351]: Scan library at:	file:///Users/jayreddy/.config/nvim/mason/packages/lua-language-server/libexec/meta/Lua%205.4%20en-us%20utf8/io.lua
[14:34:43.039][info] [#0:script/workspace/workspace.lua:351]: Scan library at:	file:///Users/jayreddy/.config/nvim/mason/packages/lua-language-server/libexec/meta/Lua%205.4%20en-us%20utf8/builtin.lua
[14:34:43.039][info] [#0:script/workspace/workspace.lua:351]: Scan library at:	file:///Users/jayreddy/.config/nvim/mason/packages/lua-language-server/libexec/meta/Lua%205.4%20en-us%20utf8/math.lua
[14:34:43.039][info] [#0:script/workspace/workspace.lua:351]: Scan library at:	file:///Users/jayreddy/.config/nvim/mason/packages/lua-language-server/libexec/meta/Lua%205.4%20en-us%20utf8/package.lua
[14:34:43.039][info] [#0:script/workspace/workspace.lua:351]: Scan library at:	file:///Users/jayreddy/.config/nvim/mason/packages/lua-language-server/libexec/meta/Lua%205.4%20en-us%20utf8/debug.lua
[14:34:43.039][info] [#0:script/workspace/workspace.lua:351]: Scan library at:	file:///Users/jayreddy/.config/nvim/mason/packages/lua-language-server/libexec/meta/Lua%205.4%20en-us%20utf8/table.lua
[14:34:43.039][info] [#0:script/workspace/workspace.lua:351]: Scan library at:	file:///Users/jayreddy/.config/nvim/mason/packages/lua-language-server/libexec/meta/Lua%205.4%20en-us%20utf8/basic.lua
[14:34:43.039][info] [#0:script/workspace/workspace.lua:351]: Scan library at:	file:///Users/jayreddy/.config/nvim/mason/packages/lua-language-server/libexec/meta/Lua%205.4%20en-us%20utf8/coroutine.lua
[14:34:43.039][info] [#0:script/workspace/workspace.lua:351]: Scan library at:	file:///Users/jayreddy/.config/nvim/mason/packages/lua-language-server/libexec/meta/Lua%205.4%20en-us%20utf8/builtin.lua
[14:34:43.039][info] [#0:script/workspace/workspace.lua:351]: Scan library at:	file:///Users/jayreddy/.config/nvim/mason/packages/lua-language-server/libexec/meta/Lua%205.4%20en-us%20utf8/os.lua
[14:34:43.039][info] [#0:script/workspace/workspace.lua:351]: Scan library at:	file:///Users/jayreddy/.config/nvim/mason/packages/lua-language-server/libexec/meta/Lua%205.4%20en-us%20utf8/package.lua
[14:34:43.039][info] [#0:script/workspace/workspace.lua:351]: Scan library at:	file:///Users/jayreddy/.config/nvim/mason/packages/lua-language-server/libexec/meta/Lua%205.4%20en-us%20utf8/utf8.lua
[14:34:43.040][info] [#0:script/workspace/workspace.lua:351]: Scan library at:	file:///Users/jayreddy/.config/nvim/mason/packages/lua-language-server/libexec/meta/Lua%205.4%20en-us%20utf8/table.lua
[14:34:43.040][info] [#0:script/workspace/workspace.lua:351]: Scan library at:	file:///Users/jayreddy/.config/nvim/mason/packages/lua-language-server/libexec/meta/Lua%205.4%20en-us%20utf8/coroutine.lua
[14:34:43.040][info] [#0:script/workspace/workspace.lua:351]: Scan library at:	file:///Users/jayreddy/.config/nvim/mason/packages/lua-language-server/libexec/meta/Lua%205.4%20en-us%20utf8/os.lua
[14:34:43.040][info] [#0:script/workspace/workspace.lua:351]: Scan library at:	file:///Users/jayreddy/.config/nvim/mason/packages/lua-language-server/libexec/meta/Lua%205.4%20en-us%20utf8/utf8.lua
[14:34:43.142][info] [#0:script/workspace/workspace.lua:377]: Found 11 files at:	<fallback>
[14:34:43.143][info] [#0:script/workspace/loading.lua:161]: Load files from disk:	<fallback>
[14:34:43.143][info] [#0:script/workspace/workspace.lua:377]: Found 15 files at:	file:///Users/jayreddy/.config/nvim/lua/
[14:34:43.143][info] [#0:script/workspace/loading.lua:161]: Load files from disk:	file:///Users/jayreddy/.config/nvim/lua/
[14:34:43.145][info] [#0:script/workspace/loading.lua:89]: Skip loaded file: file:///Users/jayreddy/.config/nvim/lua/jayreddy/remap.lua
[14:34:43.250][info] [#0:script/workspace/loading.lua:101]: Preload file at: file:///Users/jayreddy/.config/nvim/mason/packages/lua-language-server/libexec/meta/Lua%205.4%20en-us%20utf8/utf8.lua , size = 2.386 KB
[14:34:43.254][info] [#0:script/workspace/loading.lua:113]: ++++As library of:	file:///Users/jayreddy/.config/nvim/mason/packages/lua-language-server/libexec/meta/Lua%205.4%20en-us%20utf8/utf8.lua
[14:34:43.254][info] [#0:script/workspace/loading.lua:101]: Preload file at: file:///Users/jayreddy/.config/nvim/mason/packages/lua-language-server/libexec/meta/Lua%205.4%20en-us%20utf8/os.lua , size = 4.347 KB
[14:34:43.260][info] [#0:script/workspace/loading.lua:113]: ++++As library of:	file:///Users/jayreddy/.config/nvim/mason/packages/lua-language-server/libexec/meta/Lua%205.4%20en-us%20utf8/os.lua
[14:34:43.261][info] [#0:script/workspace/loading.lua:98]: Skip loaded file: file:///Users/jayreddy/.config/nvim/mason/packages/lua-language-server/libexec/meta/Lua%205.4%20en-us%20utf8/utf8.lua
[14:34:43.261][info] [#0:script/workspace/loading.lua:98]: Skip loaded file: file:///Users/jayreddy/.config/nvim/mason/packages/lua-language-server/libexec/meta/Lua%205.4%20en-us%20utf8/os.lua
[14:34:43.261][info] [#0:script/workspace/loading.lua:101]: Preload file at: file:///Users/jayreddy/.config/nvim/mason/packages/lua-language-server/libexec/meta/Lua%205.4%20en-us%20utf8/coroutine.lua , size = 2.590 KB
[14:34:43.263][info] [#0:script/workspace/loading.lua:113]: ++++As library of:	file:///Users/jayreddy/.config/nvim/mason/packages/lua-language-server/libexec/meta/Lua%205.4%20en-us%20utf8/coroutine.lua
[14:34:43.263][info] [#0:script/workspace/loading.lua:98]: Skip loaded file: file:///Users/jayreddy/.config/nvim/mason/packages/lua-language-server/libexec/meta/Lua%205.4%20en-us%20utf8/coroutine.lua
[14:34:43.263][info] [#0:script/workspace/loading.lua:101]: Preload file at: file:///Users/jayreddy/.config/nvim/mason/packages/lua-language-server/libexec/meta/Lua%205.4%20en-us%20utf8/table.lua , size = 4.230 KB
[14:34:43.268][info] [#0:script/workspace/loading.lua:113]: ++++As library of:	file:///Users/jayreddy/.config/nvim/mason/packages/lua-language-server/libexec/meta/Lua%205.4%20en-us%20utf8/table.lua
[14:34:43.268][info] [#0:script/workspace/loading.lua:98]: Skip loaded file: file:///Users/jayreddy/.config/nvim/mason/packages/lua-language-server/libexec/meta/Lua%205.4%20en-us%20utf8/table.lua
[14:34:43.268][info] [#0:script/workspace/loading.lua:101]: Preload file at: file:///Users/jayreddy/.config/nvim/mason/packages/lua-language-server/libexec/meta/Lua%205.4%20en-us%20utf8/package.lua , size = 2.944 KB
[14:34:43.272][info] [#0:script/workspace/loading.lua:113]: ++++As library of:	file:///Users/jayreddy/.config/nvim/mason/packages/lua-language-server/libexec/meta/Lua%205.4%20en-us%20utf8/package.lua
[14:34:43.272][info] [#0:script/workspace/loading.lua:98]: Skip loaded file: file:///Users/jayreddy/.config/nvim/mason/packages/lua-language-server/libexec/meta/Lua%205.4%20en-us%20utf8/package.lua
[14:34:43.272][info] [#0:script/workspace/loading.lua:101]: Preload file at: file:///Users/jayreddy/.config/nvim/mason/packages/lua-language-server/libexec/meta/Lua%205.4%20en-us%20utf8/builtin.lua , size = 0.302 KB
[14:34:43.273][info] [#0:script/workspace/loading.lua:113]: ++++As library of:	file:///Users/jayreddy/.config/nvim/mason/packages/lua-language-server/libexec/meta/Lua%205.4%20en-us%20utf8/builtin.lua
[14:34:43.273][info] [#0:script/workspace/loading.lua:98]: Skip loaded file: file:///Users/jayreddy/.config/nvim/mason/packages/lua-language-server/libexec/meta/Lua%205.4%20en-us%20utf8/builtin.lua
[14:34:43.273][info] [#0:script/workspace/loading.lua:101]: Preload file at: file:///Users/jayreddy/.config/nvim/mason/packages/lua-language-server/libexec/meta/Lua%205.4%20en-us%20utf8/basic.lua , size = 14.160 KB
[14:34:43.280][info] [#0:script/workspace/loading.lua:113]: ++++As library of:	file:///Users/jayreddy/.config/nvim/mason/packages/lua-language-server/libexec/meta/Lua%205.4%20en-us%20utf8/basic.lua
[14:34:43.280][info] [#0:script/workspace/loading.lua:98]: Skip loaded file: file:///Users/jayreddy/.config/nvim/mason/packages/lua-language-server/libexec/meta/Lua%205.4%20en-us%20utf8/basic.lua
[14:34:43.280][info] [#0:script/workspace/loading.lua:101]: Preload file at: file:///Users/jayreddy/.config/nvim/mason/packages/lua-language-server/libexec/meta/Lua%205.4%20en-us%20utf8/debug.lua , size = 7.637 KB
[14:34:43.286][info] [#0:script/workspace/loading.lua:113]: ++++As library of:	file:///Users/jayreddy/.config/nvim/mason/packages/lua-language-server/libexec/meta/Lua%205.4%20en-us%20utf8/debug.lua
[14:34:43.286][info] [#0:script/workspace/loading.lua:101]: Preload file at: file:///Users/jayreddy/.config/nvim/mason/packages/lua-language-server/libexec/meta/Lua%205.4%20en-us%20utf8/math.lua , size = 8.731 KB
[14:34:43.290][info] [#0:script/workspace/loading.lua:113]: ++++As library of:	file:///Users/jayreddy/.config/nvim/mason/packages/lua-language-server/libexec/meta/Lua%205.4%20en-us%20utf8/math.lua
[14:34:43.290][info] [#0:script/workspace/loading.lua:98]: Skip loaded file: file:///Users/jayreddy/.config/nvim/mason/packages/lua-language-server/libexec/meta/Lua%205.4%20en-us%20utf8/debug.lua
[14:34:43.290][info] [#0:script/workspace/loading.lua:98]: Skip loaded file: file:///Users/jayreddy/.config/nvim/mason/packages/lua-language-server/libexec/meta/Lua%205.4%20en-us%20utf8/math.lua
[14:34:43.290][info] [#0:script/workspace/loading.lua:101]: Preload file at: file:///Users/jayreddy/.config/nvim/mason/packages/lua-language-server/libexec/meta/Lua%205.4%20en-us%20utf8/io.lua , size = 6.364 KB
[14:34:43.293][info] [#0:script/workspace/loading.lua:113]: ++++As library of:	file:///Users/jayreddy/.config/nvim/mason/packages/lua-language-server/libexec/meta/Lua%205.4%20en-us%20utf8/io.lua
[14:34:43.293][info] [#0:script/workspace/loading.lua:98]: Skip loaded file: file:///Users/jayreddy/.config/nvim/mason/packages/lua-language-server/libexec/meta/Lua%205.4%20en-us%20utf8/io.lua
[14:34:43.293][info] [#0:script/workspace/loading.lua:101]: Preload file at: file:///Users/jayreddy/.config/nvim/mason/packages/lua-language-server/libexec/meta/Lua%205.4%20en-us%20utf8/string.lua , size = 6.302 KB
[14:34:43.296][info] [#0:script/workspace/loading.lua:113]: ++++As library of:	file:///Users/jayreddy/.config/nvim/mason/packages/lua-language-server/libexec/meta/Lua%205.4%20en-us%20utf8/string.lua
[14:34:43.296][info] [#0:script/workspace/loading.lua:98]: Skip loaded file: file:///Users/jayreddy/.config/nvim/mason/packages/lua-language-server/libexec/meta/Lua%205.4%20en-us%20utf8/string.lua
[14:34:43.296][info] [#0:script/workspace/loading.lua:101]: Preload file at: file:///Users/jayreddy/.config/nvim/lua/jayreddy/init.lua , size = 0.049 KB
[14:34:43.296][info] [#0:script/workspace/loading.lua:101]: Preload file at: file:///Users/jayreddy/.config/nvim/lua/jayreddy/packer.lua , size = 0.671 KB
[14:34:43.296][info] [#0:script/workspace/loading.lua:101]: Preload file at: file:///Users/jayreddy/.config/nvim/lua/jayreddy/set.lua , size = 0.543 KB
[14:34:43.402][info] [#0:script/workspace/loading.lua:173]: Loaded files takes [0.054] sec: <fallback>
[14:34:43.402][info] [#0:script/workspace/loading.lua:182]: Compile files takes [0.000] sec: <fallback>
[14:34:43.402][info] [#0:script/workspace/loading.lua:183]: Loaded finish:	<fallback>
[14:34:43.402][info] [#0:script/workspace/workspace.lua:379]: Preload finish at:	<fallback>
[14:34:43.411][info] [#0:script/workspace/loading.lua:173]: Loaded files takes [0.063] sec: file:///Users/jayreddy/.config/nvim/lua/
[14:34:43.411][info] [#0:script/workspace/loading.lua:182]: Compile files takes [0.000] sec: file:///Users/jayreddy/.config/nvim/lua/
[14:34:43.411][info] [#0:script/workspace/loading.lua:183]: Loaded finish:	file:///Users/jayreddy/.config/nvim/lua/
[14:34:43.411][info] [#0:script/workspace/workspace.lua:379]: Preload finish at:	file:///Users/jayreddy/.config/nvim/lua/
[14:34:43.415][info] [#0:script/provider/diagnostic.lua:557]: Diagnostics scope [file:///Users/jayreddy/.config/nvim/lua/], files count:[15]
[14:34:43.431][info] [#0:script/provider/diagnostic.lua:574]: Diagnostics scope [file:///Users/jayreddy/.config/nvim/lua/] finished, takes [0.016] sec.
[14:36:07.090][info] [#0:script/workspace/workspace.lua:282]: Scan files at:	file:///Users/jayreddy/.config/nvim/lua/jayreddy/remap.lua
[14:36:07.090][info] [#0:script/workspace/loading.lua:161]: Load files from disk:	file:///Users/jayreddy/.config/nvim/lua/jayreddy/remap.lua
[14:36:07.091][info] [#0:script/workspace/loading.lua:89]: Skip loaded file: file:///Users/jayreddy/.config/nvim/lua/jayreddy/remap.lua
[14:36:07.091][info] [#0:script/workspace/loading.lua:173]: Loaded files takes [0.000] sec: file:///Users/jayreddy/.config/nvim/lua/jayreddy/remap.lua
[14:36:07.091][info] [#0:script/workspace/loading.lua:182]: Compile files takes [0.000] sec: file:///Users/jayreddy/.config/nvim/lua/jayreddy/remap.lua
[14:36:07.091][info] [#0:script/workspace/loading.lua:183]: Loaded finish:	file:///Users/jayreddy/.config/nvim/lua/jayreddy/remap.lua
[14:36:09.203][info] [#0:script/provider/diagnostic.lua:557]: Diagnostics scope [file:///Users/jayreddy/.config/nvim/lua/], files count:[15]
[14:36:09.222][info] [#0:script/provider/diagnostic.lua:574]: Diagnostics scope [file:///Users/jayreddy/.config/nvim/lua/] finished, takes [0.020] sec.
[14:44:42.830][info] [#0:script/service/service.lua:144]: 
========= Medical Examination Report =========
    --------------- Memory ---------------
        Total: 5.980 MB
        # 00 : 5.590 MB
        # 01 : 0.045 MB
        # 02 : 0.045 MB
        # 03 : 0.198 MB
        # 04 : 0.101 MB
    --------------- Coroutine ---------------
        Total:     1
        Running:   0
        Suspended: 0
        Normal:    0
        Dead:      1
    --------------- Cache ---------------
        Total: 1
        Dead:  0
    ---------------  RPC  ---------------
        Holdon:   0
        Waiting:  0
==============================================
